c:\data\study\6\mbks\mbks_1\x64\release\vc143.pdb
c:\data\study\6\mbks\mbks_1\x64\release\driver.obj
c:\data\study\6\mbks\mbks_1\x64\release\ioctl_example.sys
c:\data\study\6\mbks\mbks_1\x64\release\ioctl_example.pdb
c:\data\study\6\mbks\mbks_1\x64\release\proccreatefilter.inf
c:\data\study\6\mbks\mbks_1\x64\release\driver.tmh
c:\data\study\6\mbks\mbks_1\x64\release\ioctl_example.cer
c:\data\study\6\mbks\mbks_1\x64\release\ioctl_example.inf
c:\data\study\6\mbks\mbks_1\x64\release\ioctl_example.tlog\cl.command.1.tlog
c:\data\study\6\mbks\mbks_1\x64\release\ioctl_example.tlog\cl.read.1.tlog
c:\data\study\6\mbks\mbks_1\x64\release\ioctl_example.tlog\cl.write.1.tlog
c:\data\study\6\mbks\mbks_1\x64\release\ioctl_example.tlog\inf2cat-expand.19044.read.1.tlog
c:\data\study\6\mbks\mbks_1\x64\release\ioctl_example.tlog\inf2cat-expand.19044.write.1.tlog
c:\data\study\6\mbks\mbks_1\x64\release\ioctl_example.tlog\inf2cat-expand.30848.read.1.tlog
c:\data\study\6\mbks\mbks_1\x64\release\ioctl_example.tlog\inf2cat-expand.30848.write.1.tlog
c:\data\study\6\mbks\mbks_1\x64\release\ioctl_example.tlog\inf2cat-expand.read.1.tlog
c:\data\study\6\mbks\mbks_1\x64\release\ioctl_example.tlog\inf2cat-expand.write.1.tlog
c:\data\study\6\mbks\mbks_1\x64\release\ioctl_example.tlog\inf2cat.command.1.tlog
c:\data\study\6\mbks\mbks_1\x64\release\ioctl_example.tlog\inf2cat.read.1.tlog
c:\data\study\6\mbks\mbks_1\x64\release\ioctl_example.tlog\inf2cat.write.1.tlog
c:\data\study\6\mbks\mbks_1\x64\release\ioctl_example.tlog\link.command.1.tlog
c:\data\study\6\mbks\mbks_1\x64\release\ioctl_example.tlog\link.read.1.tlog
c:\data\study\6\mbks\mbks_1\x64\release\ioctl_example.tlog\link.secondary.1.tlog
c:\data\study\6\mbks\mbks_1\x64\release\ioctl_example.tlog\link.write.1.tlog
c:\data\study\6\mbks\mbks_1\x64\release\ioctl_example.tlog\signtool.command.1.tlog
c:\data\study\6\mbks\mbks_1\x64\release\ioctl_example.tlog\signtool.read.1.tlog
c:\data\study\6\mbks\mbks_1\x64\release\ioctl_example.tlog\signtool.timestamp.1.tlog
c:\data\study\6\mbks\mbks_1\x64\release\ioctl_example.tlog\signtool.write.1.tlog
c:\data\study\6\mbks\mbks_1\x64\release\ioctl_example.tlog\stampinf.command.1.tlog
c:\data\study\6\mbks\mbks_1\x64\release\ioctl_example.tlog\stampinf.read.1.tlog
c:\data\study\6\mbks\mbks_1\x64\release\ioctl_example.tlog\stampinf.write.1.tlog
c:\data\study\6\mbks\mbks_1\x64\release\ioctl_example.tlog\tracewpp.command.1.tlog
c:\data\study\6\mbks\mbks_1\x64\release\ioctl_example.tlog\tracewpp.read.1.tlog
c:\data\study\6\mbks\mbks_1\x64\release\ioctl_example.tlog\tracewpp.write.1.tlog
