  Building 'ProcCreateFilter' with toolset 'WindowsKernelModeDriver10.0' and the 'Universal' target platform.
  Stamping x64\Release\ProcCreateFilter.inf
  Stamping [Version] section with DriverVer=07/19/2024,14.48.6.352
  Driver.c
  ProcCreateFilter.vcxproj -> F:\Leto2024\MBKS\Laba1\ProcCreateFilter\x64\Release\ProcCreateFilter.sys
  Done Adding Additional Store
  Successfully signed: F:\Leto2024\MBKS\Laba1\ProcCreateFilter\x64\Release\ProcCreateFilter.sys
  
  Driver is 'Universal'.
  ........................
  Signability test complete.
  
  Errors:
  None
  
  Warnings:
  None
  
  Catalog generation complete.
  F:\Leto2024\MBKS\Laba1\ProcCreateFilter\x64\Release\ProcCreateFilter\proccreatefilter.cat
  Done Adding Additional Store
  Successfully signed: F:\Leto2024\MBKS\Laba1\ProcCreateFilter\x64\Release\ProcCreateFilter\proccreatefilter.cat
  
  "pwsh.exe" не является внутренней или внешней
  командой, исполняемой программой или пакетным файлом.
