f:\leto2024\mbks\laba1\proccreatefilter\x64\release\vc143.pdb
f:\leto2024\mbks\laba1\proccreatefilter\x64\release\driver.obj
f:\leto2024\mbks\laba1\proccreatefilter\x64\release\proccreatefilter\proccreatefilter.cat
f:\leto2024\mbks\laba1\proccreatefilter\x64\release\proccreatefilter.sys
f:\leto2024\mbks\laba1\proccreatefilter\x64\release\proccreatefilter.pdb
f:\leto2024\mbks\laba1\proccreatefilter\x64\release\proccreatefilter.inf
f:\leto2024\mbks\laba1\proccreatefilter\x64\release\driver.tmh
f:\leto2024\mbks\laba1\proccreatefilter\x64\release\proccreatefilter.cer
f:\leto2024\mbks\laba1\proccreatefilter\x64\release\proccreatefilter.tlog\cl.command.1.tlog
f:\leto2024\mbks\laba1\proccreatefilter\x64\release\proccreatefilter.tlog\cl.items.tlog
f:\leto2024\mbks\laba1\proccreatefilter\x64\release\proccreatefilter.tlog\cl.read.1.tlog
f:\leto2024\mbks\laba1\proccreatefilter\x64\release\proccreatefilter.tlog\cl.write.1.tlog
f:\leto2024\mbks\laba1\proccreatefilter\x64\release\proccreatefilter.tlog\inf2cat-expand.12432.read.1.tlog
f:\leto2024\mbks\laba1\proccreatefilter\x64\release\proccreatefilter.tlog\inf2cat-expand.12432.write.1.tlog
f:\leto2024\mbks\laba1\proccreatefilter\x64\release\proccreatefilter.tlog\inf2cat-expand.read.1.tlog
f:\leto2024\mbks\laba1\proccreatefilter\x64\release\proccreatefilter.tlog\inf2cat-expand.write.1.tlog
f:\leto2024\mbks\laba1\proccreatefilter\x64\release\proccreatefilter.tlog\inf2cat.command.1.tlog
f:\leto2024\mbks\laba1\proccreatefilter\x64\release\proccreatefilter.tlog\inf2cat.read.1.tlog
f:\leto2024\mbks\laba1\proccreatefilter\x64\release\proccreatefilter.tlog\inf2cat.write.1.tlog
f:\leto2024\mbks\laba1\proccreatefilter\x64\release\proccreatefilter.tlog\link.command.1.tlog
f:\leto2024\mbks\laba1\proccreatefilter\x64\release\proccreatefilter.tlog\link.read.1.tlog
f:\leto2024\mbks\laba1\proccreatefilter\x64\release\proccreatefilter.tlog\link.secondary.1.tlog
f:\leto2024\mbks\laba1\proccreatefilter\x64\release\proccreatefilter.tlog\link.write.1.tlog
f:\leto2024\mbks\laba1\proccreatefilter\x64\release\proccreatefilter.tlog\signtool.command.1.tlog
f:\leto2024\mbks\laba1\proccreatefilter\x64\release\proccreatefilter.tlog\signtool.read.1.tlog
f:\leto2024\mbks\laba1\proccreatefilter\x64\release\proccreatefilter.tlog\signtool.timestamp.1.tlog
f:\leto2024\mbks\laba1\proccreatefilter\x64\release\proccreatefilter.tlog\signtool.write.1.tlog
f:\leto2024\mbks\laba1\proccreatefilter\x64\release\proccreatefilter.tlog\stampinf.command.1.tlog
f:\leto2024\mbks\laba1\proccreatefilter\x64\release\proccreatefilter.tlog\stampinf.read.1.tlog
f:\leto2024\mbks\laba1\proccreatefilter\x64\release\proccreatefilter.tlog\stampinf.write.1.tlog
f:\leto2024\mbks\laba1\proccreatefilter\x64\release\proccreatefilter.tlog\tracewpp.command.1.tlog
f:\leto2024\mbks\laba1\proccreatefilter\x64\release\proccreatefilter.tlog\tracewpp.read.1.tlog
f:\leto2024\mbks\laba1\proccreatefilter\x64\release\proccreatefilter.tlog\tracewpp.write.1.tlog
