  Building 'ProcCreateFilter' with toolset 'WindowsKernelModeDriver10.0' and the 'Universal' target platform.
  Stamping x64\Debug\ProcCreateFilter.inf
  Stamping [Version] section with DriverVer=08/11/2024,11.34.30.194
  Driver.c
  ProcCreateFilter.vcxproj -> C:\Users\Kaplan\Desktop\Разное\Люда\MBKS\MBKS_1\x64\Debug\ProcCreateFilter.sys
  Done Adding Additional Store
  Successfully signed: C:\Users\Kaplan\Desktop\\\MBKS\MBKS_1\x64\Debug\ProcCreateFilter.sys
  
  Driver is 'Universal'.
  ........................
  Signability test complete.
  
  Errors:
  None
  
  Warnings:
  None
  
  Catalog generation complete.
  C:\Users\Kaplan\Desktop\Разное\Люда\MBKS\MBKS_1\x64\Debug\ProcCreateFilter\proccreatefilter.cat
  Done Adding Additional Store
  Successfully signed: C:\Users\Kaplan\Desktop\\\MBKS\MBKS_1\x64\Debug\ProcCreateFilter\proccreatefilter.cat
  
  "pwsh.exe" не является внутренней или внешней
  командой, исполняемой программой или пакетным файлом.
