c:\users\kaplan\desktop\разное\люда\mbks\mbks_1\x64\debug\vc143.pdb
c:\users\kaplan\desktop\разное\люда\mbks\mbks_1\x64\debug\driver.obj
c:\users\kaplan\desktop\разное\люда\mbks\mbks_1\x64\debug\proccreatefilter\proccreatefilter.cat
c:\users\kaplan\desktop\разное\люда\mbks\mbks_1\x64\debug\proccreatefilter.sys
c:\users\kaplan\desktop\разное\люда\mbks\mbks_1\x64\debug\proccreatefilter.pdb
c:\users\kaplan\desktop\разное\люда\mbks\mbks_1\x64\debug\proccreatefilter.inf
c:\users\kaplan\desktop\разное\люда\mbks\mbks_1\x64\debug\driver.tmh
c:\users\kaplan\desktop\разное\люда\mbks\mbks_1\x64\debug\proccreatefilter.cer
c:\users\kaplan\desktop\разное\люда\mbks\mbks_1\x64\debug\proccreatefilter.tlog\cl.command.1.tlog
c:\users\kaplan\desktop\разное\люда\mbks\mbks_1\x64\debug\proccreatefilter.tlog\cl.items.tlog
c:\users\kaplan\desktop\разное\люда\mbks\mbks_1\x64\debug\proccreatefilter.tlog\cl.read.1.tlog
c:\users\kaplan\desktop\разное\люда\mbks\mbks_1\x64\debug\proccreatefilter.tlog\cl.write.1.tlog
c:\users\kaplan\desktop\разное\люда\mbks\mbks_1\x64\debug\proccreatefilter.tlog\inf2cat-expand.16016.read.1.tlog
c:\users\kaplan\desktop\разное\люда\mbks\mbks_1\x64\debug\proccreatefilter.tlog\inf2cat-expand.16016.write.1.tlog
c:\users\kaplan\desktop\разное\люда\mbks\mbks_1\x64\debug\proccreatefilter.tlog\inf2cat-expand.read.1.tlog
c:\users\kaplan\desktop\разное\люда\mbks\mbks_1\x64\debug\proccreatefilter.tlog\inf2cat-expand.write.1.tlog
c:\users\kaplan\desktop\разное\люда\mbks\mbks_1\x64\debug\proccreatefilter.tlog\inf2cat.command.1.tlog
c:\users\kaplan\desktop\разное\люда\mbks\mbks_1\x64\debug\proccreatefilter.tlog\inf2cat.read.1.tlog
c:\users\kaplan\desktop\разное\люда\mbks\mbks_1\x64\debug\proccreatefilter.tlog\inf2cat.write.1.tlog
c:\users\kaplan\desktop\разное\люда\mbks\mbks_1\x64\debug\proccreatefilter.tlog\link.command.1.tlog
c:\users\kaplan\desktop\разное\люда\mbks\mbks_1\x64\debug\proccreatefilter.tlog\link.read.1.tlog
c:\users\kaplan\desktop\разное\люда\mbks\mbks_1\x64\debug\proccreatefilter.tlog\link.secondary.1.tlog
c:\users\kaplan\desktop\разное\люда\mbks\mbks_1\x64\debug\proccreatefilter.tlog\link.write.1.tlog
c:\users\kaplan\desktop\разное\люда\mbks\mbks_1\x64\debug\proccreatefilter.tlog\signtool.command.1.tlog
c:\users\kaplan\desktop\разное\люда\mbks\mbks_1\x64\debug\proccreatefilter.tlog\signtool.read.1.tlog
c:\users\kaplan\desktop\разное\люда\mbks\mbks_1\x64\debug\proccreatefilter.tlog\signtool.timestamp.1.tlog
c:\users\kaplan\desktop\разное\люда\mbks\mbks_1\x64\debug\proccreatefilter.tlog\signtool.write.1.tlog
c:\users\kaplan\desktop\разное\люда\mbks\mbks_1\x64\debug\proccreatefilter.tlog\stampinf.command.1.tlog
c:\users\kaplan\desktop\разное\люда\mbks\mbks_1\x64\debug\proccreatefilter.tlog\stampinf.read.1.tlog
c:\users\kaplan\desktop\разное\люда\mbks\mbks_1\x64\debug\proccreatefilter.tlog\stampinf.write.1.tlog
c:\users\kaplan\desktop\разное\люда\mbks\mbks_1\x64\debug\proccreatefilter.tlog\tracewpp.command.1.tlog
c:\users\kaplan\desktop\разное\люда\mbks\mbks_1\x64\debug\proccreatefilter.tlog\tracewpp.read.1.tlog
c:\users\kaplan\desktop\разное\люда\mbks\mbks_1\x64\debug\proccreatefilter.tlog\tracewpp.write.1.tlog
